<?xml version="1.0" encoding="UTF-8"?>
<!-- Generated by org.testng.reporters.JUnitReportReporter -->
<testsuite hostname="DESKTOP-E9QP468" name="testbase.testbase" tests="1" failures="0" timestamp="28 Feb 2019 18:19:53 GMT" time="0.021" errors="0">
  <testcase name="testlogin" time="0.021" classname="testbase.testbase"/>
</testsuite> <!-- testbase.testbase -->
